2/3/2017 9:16:12 p. m. Se conecto con ip:127.0.0.1
2/3/2017 9:21:39 p. m. Se conecto con ip:127.0.0.1
4/3/2017 2:45:33 a. m. Se conecto con ip:127.0.0.1
04/03/2017 02:57:19 Se conecto con ip:190.173.79.46
04/03/2017 02:57:40 /INVISIBLE
04/03/2017 02:58:43 /INVISIBLE
04/03/2017 02:58:48 Mensaje Broadcast:oka
04/03/2017 02:59:16 Transporto a Dylan hacia Mapa1 X:0 Y:0
04/03/2017 03:02:37 /TELEPLOC a x:51 Y:52 Map:3
04/03/2017 03:02:40 /TELEPLOC a x:58 Y:50 Map:3
04/03/2017 03:03:06 Transporto a Dylan hacia Mapa1 X:0 Y:0
04/03/2017 03:03:09 /TELEPLOC a x:48 Y:45 Map:1
04/03/2017 03:03:09 /TELEPLOC a x:46 Y:44 Map:1
04/03/2017 03:03:10 /TELEPLOC a x:45 Y:45 Map:1
04/03/2017 03:03:13 /INVISIBLE
04/03/2017 03:03:15 /TELEPLOC a x:49 Y:46 Map:1
04/03/2017 03:03:16 /TELEPLOC a x:53 Y:48 Map:1
04/03/2017 03:03:25 Mensaje Broadcast:si podes virgo
04/03/2017 03:03:50 Mensaje Broadcast:vamos a ver eso del mana espera
04/03/2017 03:04:06 Mensaje Broadcast:ah bldo no puedo porq no estoy hosteando yo
04/03/2017 03:04:11 Mensaje Broadcast:necesito abrir sv desde los codigos
04/03/2017 03:04:28 Mensaje Broadcast:pero no importa, dps lo pruebo con iplocal
04/03/2017 03:04:37 Mensaje Broadcast:que queres probar
04/03/2017 03:04:41 Mensaje Broadcast:al bug del mana
04/03/2017 03:04:57 Mensaje Broadcast:no puedo debuguear
04/03/2017 03:05:02 Mensaje Broadcast:porq no estoy hosteando yo
04/03/2017 03:05:29 Mensaje Broadcast:de todas formas, eso lo puedo arreglar solo
04/03/2017 03:05:33 Mensaje Broadcast:ya vi cual es el error
04/03/2017 03:06:17 Mensaje Broadcast:aver
04/03/2017 03:06:20 Mensaje Broadcast:q graficos
04/03/2017 03:07:03 Mensaje Broadcast:ahh tienen el mismo fx
04/03/2017 03:07:36 Mensaje Broadcast:bajale fps
04/03/2017 03:07:38 Mensaje Broadcast:aver
04/03/2017 03:08:14 Mensaje Broadcast:na, pero bue
04/03/2017 03:08:25 Mensaje Broadcast:camina aver
04/03/2017 03:08:31 Mensaje Broadcast:pasa de un lado al otro
04/03/2017 03:08:44 Mensaje Broadcast:paaaaa como se escucha wacchoo
04/03/2017 03:08:51 Mensaje Broadcast:mira un buf
04/03/2017 03:08:56 Mensaje Broadcast:cuando vos caminas x el agua
04/03/2017 03:09:00 Mensaje Broadcast:te escucho los pasos normales
04/03/2017 03:09:08 Mensaje Broadcast:creo que eso lo tienen todos los aos
04/03/2017 03:09:52 Mensaje Broadcast:bien real loco
04/03/2017 03:10:07 Mensaje Broadcast:miraaaaaaaaaa
04/03/2017 03:10:11 Mensaje Broadcast:los hechis tmbn
04/03/2017 03:10:36 Mensaje Broadcast:que crack q soy
04/03/2017 03:10:39 Mensaje Broadcast:quedo re bien esto
04/03/2017 03:11:33 /TELEPLOC a x:59 Y:47 Map:177
04/03/2017 03:11:37 /TELEPLOC a x:58 Y:46 Map:177
04/03/2017 03:11:37 /TELEPLOC a x:57 Y:46 Map:177
04/03/2017 03:11:40 Mensaje Broadcast:se laguio
04/03/2017 03:11:44 Mensaje Broadcast:asd
04/03/2017 03:11:55 Mensaje Broadcast:quedaron re bien los sonidos
04/03/2017 03:11:57 Mensaje Broadcast:muy cheto
04/03/2017 03:12:02 Mensaje Broadcast:no me felicitaste
04/03/2017 03:12:14 Mensaje Broadcast:la mejor implementacion jajaja
04/03/2017 03:12:41 Agarro:1 Objeto:Gema del Emperador
04/03/2017 03:12:43 Mensaje Broadcast:kb
04/03/2017 03:12:56 Mensaje Broadcast:las particulas?
04/03/2017 03:13:17 /TELEPLOC a x:55 Y:25 Map:177
04/03/2017 03:14:03 Mensaje Broadcast:tengo q hacer el listado de eventos
04/03/2017 03:14:38 Mensaje Broadcast:lo q vos quieras
04/03/2017 03:14:46 Resucito a Dylan
04/03/2017 03:14:59 Mensaje Broadcast:dale ahi anoto
04/03/2017 03:15:17 Mensaje Broadcast:habla por rsmg gil
04/03/2017 03:15:27 Mensaje Broadcast:no
04/03/2017 03:15:47 Mensaje Broadcast:igual ese hechi esta para el nigromante
04/03/2017 03:16:18 Resucito a Dylan
04/03/2017 03:16:57 Mensaje Broadcast:testeamos canjes con pj normales?
04/03/2017 03:17:08 Transporto a Dylan hacia Mapa1 X:0 Y:0
04/03/2017 03:17:16 /IRA El Judas Mapa:49 X:61 Y:51
04/03/2017 03:17:19 Mensaje Broadcast:ads
04/03/2017 03:17:25 Mensaje Broadcast:con premiums y todo
04/03/2017 03:17:26 Transporto a Dylan hacia Mapa1 X:0 Y:0
04/03/2017 03:17:38 /IRA Mabel Mapa:1 X:66 Y:32
04/03/2017 03:18:01 Puntos de Canje: 4000Mabel Map:1 X:65 Y:40
04/03/2017 03:38:53 Se conecto con ip:190.173.122.232
04/03/2017 04:16:18 Se conecto con ip:190.173.122.232
04/03/2017 04:16:22 Transporto a Dylan hacia Mapa1 X:0 Y:0
04/03/2017 04:41:34 Se conecto con ip:190.173.123.127
04/03/2017 04:41:48 /INVISIBLE
04/03/2017 04:42:19 Mensaje Broadcast:por?
04/03/2017 04:45:08 Mensaje Broadcast:ads
04/03/2017 04:45:17 Mensaje Broadcast:si, me gusta
04/03/2017 04:45:37 Mensaje Broadcast:toy lag men
04/03/2017 04:46:10 Mensaje Broadcast:en vez de escrito, que sea por voz
04/03/2017 04:46:18 Mensaje Broadcast:a penas naces. te haga la historia
04/03/2017 04:46:23 Mensaje Broadcast:apenas*
04/03/2017 04:47:44 Se conecto con ip:190.173.77.140
04/03/2017 04:47:46 /INVISIBLE
04/03/2017 04:47:52 Mensaje Broadcast:yo lo grabo si queres
04/03/2017 04:47:55 Mensaje Broadcast:seria re innovador
04/03/2017 04:50:16 Mensaje Broadcast:si lo implementamos, no lo contemos. que ellos lo descubran
04/03/2017 04:50:21 Mensaje Broadcast:quedaran re pillos jajaaj
04/03/2017 04:50:59 Mensaje Broadcast:maaaal
04/03/2017 04:52:16 Mensaje Broadcast:sisi
04/03/2017 04:52:39 Mensaje Broadcast:pero tene en cuenta las clases
04/03/2017 04:54:09 Mensaje Broadcast:na, contemos la historia y te diga, si estas listo para iniciarte en este mundo ingresa a este portal
04/03/2017 04:54:42 Mensaje Broadcast:pero no, porq a medida q vas eligiendo la clase, te va dando vida, mana, golpes, etc
04/03/2017 04:54:53 Mensaje Broadcast:si hacemos q sea pala de una, se desbalancea la clase
04/03/2017 04:55:02 Mensaje Broadcast:si
04/03/2017 04:55:06 Mensaje Broadcast:ya lo habia hecho una vez
04/03/2017 04:55:12 Mensaje Broadcast:elegir clase de una tipo alkon
04/03/2017 04:55:58 Mensaje Broadcast:sd
04/03/2017 04:56:28 Mensaje Broadcast:si obvio
04/03/2017 04:56:38 /IRA TEST Mapa:60 X:58 Y:32
04/03/2017 04:57:01 Mensaje Broadcast:falta algo espera
04/03/2017 04:57:07 /TELEPLOC a x:61 Y:52 Map:60
04/03/2017 04:57:08 /TELEPLOC a x:57 Y:55 Map:60
04/03/2017 04:57:09 /TELEPLOC a x:52 Y:57 Map:60
04/03/2017 04:57:10 /TELEPLOC a x:47 Y:58 Map:60
04/03/2017 04:57:30 Mensaje Broadcast:clickear el npc y te diga el numero
04/03/2017 05:00:12 /IRA TEST Mapa:60 X:36 Y:55
04/03/2017 05:02:07 Mensaje Broadcast:q
04/03/2017 05:09:06 Se conecto con ip:190.173.77.140
04/03/2017 05:12:15 /IRA TEST Mapa:60 X:77 Y:50
4/3/2017 5:40:39 a. m. Se conecto con ip:127.0.0.1
4/3/2017 5:40:44 a. m. /mod dylan level 49
4/3/2017 5:40:56 a. m. /INVISIBLE
4/3/2017 5:41:15 a. m. /MOD dylan Cri 1000
4/3/2017 5:41:16 a. m. /MOD dylan Ciu 1000
4/3/2017 5:41:16 a. m. /MOD dylan Neu 1000
4/3/2017 5:41:23 a. m. Transporto a Dylan hacia Mapa1 X:0 Y:0
4/3/2017 5:47:20 a. m. Se conecto con ip:127.0.0.1
4/3/2017 5:47:25 a. m. /mod dylan level 99
4/3/2017 5:47:53 a. m. Transporto a Dylan hacia Mapa1 X:0 Y:0
4/3/2017 5:47:54 a. m. /INVISIBLE
4/3/2017 5:48:10 a. m. /mod dylan ciu 1000
4/3/2017 5:48:15 a. m. /mod dylan cri 1000
4/3/2017 5:48:20 a. m. Resucito a Dylan
4/3/2017 5:51:58 a. m. Se conecto con ip:127.0.0.1
4/3/2017 5:52:02 a. m. Transporto a Dylan hacia Mapa1 X:0 Y:0
4/3/2017 5:52:07 a. m. /mod dylan ciu 1000
4/3/2017 5:52:11 a. m. /mod dylan cri 1000
4/3/2017 5:52:15 a. m. /mod dylan level 99
4/3/2017 5:52:17 a. m. /INVISIBLE
4/3/2017 5:55:11 a. m. Se conecto con ip:127.0.0.1
4/3/2017 5:55:15 a. m. /mod dylan level 99
4/3/2017 5:55:17 a. m. Transporto a Dylan hacia Mapa1 X:0 Y:0
4/3/2017 5:55:22 a. m. /mod dylan ciu 1000
4/3/2017 5:55:26 a. m. /mod dylan cri 1000
4/3/2017 5:55:27 a. m. /INVISIBLE
5/3/2017 8:00:43 p. m. Se conecto con ip:127.0.0.1
5/3/2017 8:01:15 p. m. Transporto a Dylan hacia Mapa1 X:0 Y:0
5/3/2017 8:01:47 p. m. /INVISIBLE
5/3/2017 8:01:48 p. m. /TELEPLOC a x:56 Y:62 Map:1
5/3/2017 8:01:49 p. m. /TELEPLOC a x:57 Y:58 Map:1
5/3/2017 8:01:49 p. m. /TELEPLOC a x:57 Y:53 Map:1
5/3/2017 8:01:50 p. m. /TELEPLOC a x:57 Y:49 Map:1
5/3/2017 8:01:50 p. m. /TELEPLOC a x:60 Y:46 Map:1
5/3/2017 8:01:51 p. m. /TELEPLOC a x:64 Y:44 Map:1
5/3/2017 8:01:51 p. m. /TELEPLOC a x:66 Y:40 Map:1
5/3/2017 8:01:52 p. m. /TELEPLOC a x:69 Y:37 Map:1
5/3/2017 8:01:52 p. m. /TELEPLOC a x:66 Y:34 Map:1
5/3/2017 8:01:53 p. m. /TELEPLOC a x:62 Y:33 Map:1
5/3/2017 8:01:53 p. m. /TELEPLOC a x:58 Y:34 Map:1
5/3/2017 8:01:53 p. m. /TELEPLOC a x:57 Y:37 Map:1
5/3/2017 8:01:54 p. m. /TELEPLOC a x:62 Y:40 Map:1
5/3/2017 8:01:54 p. m. /TELEPLOC a x:68 Y:42 Map:1
5/3/2017 8:01:55 p. m. /TELEPLOC a x:64 Y:39 Map:1
5/3/2017 8:01:56 p. m. /TELEPLOC a x:62 Y:41 Map:1
5/3/2017 8:01:57 p. m. /TELEPLOC a x:60 Y:45 Map:1
5/3/2017 8:01:57 p. m. /TELEPLOC a x:56 Y:49 Map:1
5/3/2017 8:01:58 p. m. /TELEPLOC a x:62 Y:49 Map:1
5/3/2017 8:01:59 p. m. /TELEPLOC a x:59 Y:48 Map:1
5/3/2017 8:02:05 p. m. /TELEPLOC a x:62 Y:50 Map:1
5/3/2017 8:02:06 p. m. /TELEPLOC a x:65 Y:52 Map:1
5/3/2017 8:02:07 p. m. /TELEPLOC a x:72 Y:48 Map:1
5/3/2017 8:02:08 p. m. /TELEPLOC a x:78 Y:47 Map:1
5/3/2017 8:02:09 p. m. /TELEPLOC a x:83 Y:47 Map:1
5/3/2017 8:02:09 p. m. /TELEPLOC a x:84 Y:44 Map:1
5/3/2017 8:03:25 p. m. Se conecto con ip:127.0.0.1
5/3/2017 8:03:51 p. m. /INVISIBLE
12/3/2017 07:52:04 Se conecto con ip:127.0.0.1
12/3/2017 07:52:21 /INVISIBLE
12/3/2017 07:52:22 /INVISIBLE
12/3/2017 07:52:22 /INVISIBLE
12/3/2017 07:52:29 /INVISIBLE
12/3/2017 07:52:30 /INVISIBLE
12/3/2017 07:52:36 /INVISIBLE
12/3/2017 07:52:37 /INVISIBLE
12/3/2017 07:52:38 /INVISIBLE
12/3/2017 07:52:39 /INVISIBLE
12/3/2017 07:52:39 /INVISIBLE
12/3/2017 07:52:42 /INVISIBLE
12/3/2017 07:52:44 /INVISIBLE
12/3/2017 07:52:46 /INVISIBLE
12/3/2017 07:52:47 /INVISIBLE
12/3/2017 07:52:47 /INVISIBLE
12/3/2017 07:52:48 /INVISIBLE
12/3/2017 07:52:49 /INVISIBLE
12/3/2017 07:52:54 /INVISIBLE
12/3/2017 07:52:54 /INVISIBLE
12/3/2017 07:52:55 /INVISIBLE
12/3/2017 07:53:01 /INVISIBLE
12/3/2017 07:53:52 /INVISIBLE
9/5/2017 03:36:47 Se conecto con ip:127.0.0.1
9/5/2017 03:39:27 Transporto a Dylan hacia Mapa222 X:48 Y:40
5/7/2017 22:44:47 Se conecto con ip:127.0.0.1
5/7/2017 22:44:51 /INVISIBLE
5/7/2017 22:45:41 Transporto a Dylan hacia Mapa29 X:0 Y:0
5/7/2017 22:45:59 Transporto a Dylan hacia Mapa29 X:0 Y:0
5/7/2017 22:52:36 Se conecto con ip:127.0.0.1
29/07/2017 07:10:07 p.m. Se conecto con ip:127.0.0.1
29/07/2017 07:10:11 p.m. Transporto a Dylan hacia Mapa59 X:0 Y:0
29/07/2017 07:10:27 p.m. /INVISIBLE
06/07/2018 20:23:07 Se conecto con ip:127.0.0.1
06/07/2018 20:23:48 Transporto a Dylan hacia Mapa1 X:0 Y:0
06/07/2018 20:23:50 /INVISIBLE
06/07/2018 20:27:23 Transporto a Dylan hacia Mapa9 X:0 Y:0
06/07/2018 20:27:39 /TELEPLOC a x:47 Y:47 Map:9
06/07/2018 20:27:39 /TELEPLOC a x:44 Y:43 Map:9
06/07/2018 20:27:39 /TELEPLOC a x:44 Y:37 Map:9
06/07/2018 20:27:40 /TELEPLOC a x:49 Y:34 Map:9
06/07/2018 20:27:40 /TELEPLOC a x:54 Y:30 Map:9
06/07/2018 20:27:40 /TELEPLOC a x:59 Y:25 Map:9
06/07/2018 20:27:41 /TELEPLOC a x:64 Y:20 Map:9
06/07/2018 20:27:41 /TELEPLOC a x:69 Y:15 Map:9
06/07/2018 20:27:42 /TELEPLOC a x:65 Y:18 Map:9
06/07/2018 20:28:09 /TELEPLOC a x:58 Y:19 Map:9
06/07/2018 20:28:09 /TELEPLOC a x:53 Y:20 Map:9
06/07/2018 20:28:10 /TELEPLOC a x:48 Y:20 Map:9
06/07/2018 20:28:10 /TELEPLOC a x:41 Y:20 Map:9
06/07/2018 20:28:10 /TELEPLOC a x:34 Y:20 Map:9
06/07/2018 20:28:11 /TELEPLOC a x:32 Y:18 Map:9
06/07/2018 20:28:17 /TELEPLOC a x:34 Y:16 Map:9
06/07/2018 20:28:23 /TELEPLOC a x:33 Y:16 Map:9
06/07/2018 20:28:33 Transporto a Dylan hacia Mapa3 X:0 Y:0
06/07/2018 20:29:28 /TELEPLOC a x:29 Y:60 Map:218
06/07/2018 20:29:28 /TELEPLOC a x:21 Y:60 Map:218
06/07/2018 20:29:29 /TELEPLOC a x:14 Y:56 Map:218
06/07/2018 20:29:30 /TELEPLOC a x:18 Y:54 Map:218
06/07/2018 20:29:30 /TELEPLOC a x:23 Y:50 Map:218
06/07/2018 20:29:30 /TELEPLOC a x:28 Y:46 Map:218
06/07/2018 20:29:34 /TELEPLOC a x:32 Y:44 Map:218
06/07/2018 20:29:34 /TELEPLOC a x:38 Y:43 Map:218
06/07/2018 20:29:34 /TELEPLOC a x:44 Y:43 Map:218
06/07/2018 20:29:34 /TELEPLOC a x:51 Y:45 Map:218
06/07/2018 20:29:35 /TELEPLOC a x:50 Y:41 Map:218
06/07/2018 20:34:33 Transporto a Dylan hacia Mapa28 X:0 Y:0
06/07/2018 20:34:35 Transporto a Dylan hacia Mapa29 X:0 Y:0
06/07/2018 20:38:33 Transporto a Dylan hacia Mapa1 X:0 Y:0
06/07/2018 20:40:57 /TELEPLOC a x:59 Y:36 Map:1
06/07/2018 20:40:58 /TELEPLOC a x:60 Y:34 Map:1
06/07/2018 20:40:59 /TELEPLOC a x:62 Y:33 Map:1
06/07/2018 20:40:59 /TELEPLOC a x:64 Y:32 Map:1
06/07/2018 20:50:15 Se conecto con ip:127.0.0.1
06/07/2018 20:50:18 /INVISIBLE
06/07/2018 20:50:19 /INVISIBLE
06/07/2018 20:50:20 /INVISIBLE
06/07/2018 20:50:22 /INVISIBLE
06/07/2018 20:50:27 /INVISIBLE
08/07/2018 20:49:26 Se conecto con ip:127.0.0.1
08/07/2018 20:49:28 /INVISIBLE
08/07/2018 20:49:31 /INVISIBLE
08/07/2018 20:49:32 /INVISIBLE
08/07/2018 20:50:12 /INVISIBLE
08/07/2018 20:50:13 /INVISIBLE
08/07/2018 20:50:15 /TELEPLOC a x:81 Y:43 Map:1
08/07/2018 20:50:16 /TELEPLOC a x:76 Y:45 Map:1
08/07/2018 20:50:16 /TELEPLOC a x:72 Y:42 Map:1
08/07/2018 20:50:21 /INVISIBLE
08/07/2018 20:50:22 /INVISIBLE
08/07/2018 20:50:31 Tiro cantidad:1 Objeto:Armadura Del guerrero Bendecida
08/07/2018 20:50:50 Agarro:1 Objeto:Armadura Del guerrero Bendecida
9/4/2020 13:01:49 Se conecto con ip:127.0.0.1
9/4/2020 13:01:52 /TELEPLOC a x:69 Y:39 Map:1
9/4/2020 13:01:52 /TELEPLOC a x:65 Y:37 Map:1
9/4/2020 13:01:53 /TELEPLOC a x:59 Y:38 Map:1
9/4/2020 13:03:00 Transporto a Dylan hacia Mapa9 X:0 Y:0
9/4/2020 13:03:13 Transporto a Dylan hacia Mapa1 X:0 Y:0
9/4/2020 13:05:30 /INVISIBLE
9/4/2020 13:05:40 /TELEPLOC a x:58 Y:49 Map:1
9/4/2020 13:05:41 /TELEPLOC a x:51 Y:45 Map:1
9/4/2020 13:08:23 Transporto a Dylan hacia Mapa213 X:0 Y:0
9/4/2020 13:08:24 /INVISIBLE
9/4/2020 13:08:25 /INVISIBLE
9/4/2020 13:08:36 Transporto a Dylan hacia Mapa213 X:0 Y:0
9/4/2020 13:08:39 /TELEPLOC a x:45 Y:39 Map:213
9/4/2020 13:08:39 /TELEPLOC a x:40 Y:33 Map:213
9/4/2020 13:08:39 /TELEPLOC a x:36 Y:27 Map:213
9/4/2020 13:08:40 /TELEPLOC a x:32 Y:19 Map:213
9/4/2020 13:08:40 /TELEPLOC a x:28 Y:12 Map:213
9/4/2020 13:08:41 /TELEPLOC a x:26 Y:84 Map:214
9/4/2020 13:08:42 /TELEPLOC a x:35 Y:77 Map:214
9/4/2020 13:08:42 /TELEPLOC a x:41 Y:72 Map:214
9/4/2020 13:08:42 /TELEPLOC a x:47 Y:68 Map:214
9/4/2020 13:08:43 /TELEPLOC a x:54 Y:63 Map:214
9/4/2020 13:08:43 /TELEPLOC a x:60 Y:59 Map:214
9/4/2020 13:08:43 /TELEPLOC a x:62 Y:53 Map:214
9/4/2020 13:08:43 /TELEPLOC a x:62 Y:48 Map:214
9/4/2020 13:08:44 /TELEPLOC a x:61 Y:42 Map:214
9/4/2020 13:08:45 /TELEPLOC a x:58 Y:34 Map:214
9/4/2020 13:08:45 /TELEPLOC a x:55 Y:30 Map:214
9/4/2020 13:08:45 /TELEPLOC a x:50 Y:27 Map:214
9/4/2020 13:08:47 /TELEPLOC a x:50 Y:30 Map:214
9/4/2020 13:08:50 /TELEPLOC a x:55 Y:34 Map:214
9/4/2020 13:09:31 /TELEPLOC a x:51 Y:57 Map:214
9/4/2020 13:09:32 /TELEPLOC a x:51 Y:61 Map:214
9/4/2020 13:09:32 /TELEPLOC a x:46 Y:65 Map:214
9/4/2020 13:09:33 /TELEPLOC a x:52 Y:66 Map:214
9/4/2020 13:09:33 /TELEPLOC a x:56 Y:68 Map:214
9/4/2020 13:09:36 /TELEPLOC a x:58 Y:69 Map:214
9/4/2020 13:09:37 /TELEPLOC a x:53 Y:72 Map:214
9/4/2020 13:09:37 /TELEPLOC a x:49 Y:75 Map:214
9/4/2020 13:09:38 /TELEPLOC a x:49 Y:78 Map:214
9/4/2020 13:09:54 /MOD Nick del PJ bando 0
9/4/2020 13:10:22 Transporto a Dylan hacia Mapa7 X:50 Y:50
9/4/2020 13:10:23 Transporto a Dylan hacia Mapa14 X:50 Y:50
9/4/2020 13:10:23 Transporto a Dylan hacia Mapa6 X:50 Y:50
9/4/2020 13:10:24 Transporto a Dylan hacia Mapa4 X:50 Y:50
9/4/2020 13:10:25 Transporto a Dylan hacia Mapa14 X:50 Y:50
9/4/2020 13:10:29 /TELEPLOC a x:47 Y:58 Map:14
9/4/2020 13:10:30 /TELEPLOC a x:49 Y:62 Map:14
9/4/2020 13:10:30 /TELEPLOC a x:51 Y:68 Map:14
9/4/2020 13:10:30 /TELEPLOC a x:49 Y:73 Map:14
9/4/2020 13:10:30 /TELEPLOC a x:46 Y:78 Map:14
9/4/2020 13:10:31 /TELEPLOC a x:49 Y:82 Map:14
9/4/2020 13:10:34 /TELEPLOC a x:51 Y:86 Map:14
9/4/2020 13:10:39 /TELEPLOC a x:47 Y:86 Map:14
9/4/2020 13:10:40 /TELEPLOC a x:43 Y:86 Map:14
9/4/2020 13:10:42 /TELEPLOC a x:39 Y:86 Map:14
9/4/2020 13:10:43 /TELEPLOC a x:35 Y:86 Map:14
9/4/2020 13:10:56 /TELEPLOC a x:31 Y:86 Map:14
9/4/2020 13:11:00 /TELEPLOC a x:35 Y:86 Map:14
9/4/2020 13:11:02 /TELEPLOC a x:39 Y:86 Map:14
9/4/2020 13:11:03 /TELEPLOC a x:43 Y:86 Map:14
9/4/2020 13:11:04 /TELEPLOC a x:47 Y:86 Map:14
9/4/2020 13:11:08 /TELEPLOC a x:47 Y:82 Map:14
9/4/2020 13:11:09 /TELEPLOC a x:49 Y:77 Map:14
9/4/2020 13:11:10 /TELEPLOC a x:51 Y:72 Map:14
9/4/2020 13:11:11 /TELEPLOC a x:47 Y:68 Map:14
9/4/2020 13:11:11 /TELEPLOC a x:43 Y:64 Map:14
9/4/2020 13:11:11 /TELEPLOC a x:39 Y:60 Map:14
9/4/2020 13:11:13 /TELEPLOC a x:34 Y:56 Map:14
9/4/2020 13:11:13 /TELEPLOC a x:29 Y:52 Map:14
9/4/2020 13:11:21 /TELEPLOC a x:33 Y:47 Map:14
9/4/2020 13:11:21 /TELEPLOC a x:38 Y:45 Map:14
9/4/2020 13:11:22 /TELEPLOC a x:43 Y:44 Map:14
9/4/2020 13:11:30 /TELEPLOC a x:44 Y:49 Map:14
9/4/2020 13:11:34 /TELEPLOC a x:46 Y:58 Map:14
9/4/2020 13:11:34 /TELEPLOC a x:47 Y:63 Map:14
9/4/2020 13:11:35 /TELEPLOC a x:43 Y:67 Map:14
9/4/2020 13:11:35 /TELEPLOC a x:39 Y:71 Map:14
9/4/2020 13:11:35 /TELEPLOC a x:34 Y:76 Map:14
9/4/2020 13:11:40 Transporto a Dylan hacia Mapa1 X:0 Y:0
9/4/2020 13:11:55 Sumoneo G.piedra
9/4/2020 13:13:02 /TELEPLOC a x:74 Y:75 Map:221
9/4/2020 13:16:41 /TELEPLOC a x:80 Y:81 Map:221
9/4/2020 13:16:42 /TELEPLOC a x:83 Y:82 Map:221
9/4/2020 14:48:53 /TELEPLOC a x:79 Y:79 Map:221
9/4/2020 14:48:54 /TELEPLOC a x:77 Y:77 Map:221
9/4/2020 14:48:55 /TELEPLOC a x:75 Y:75 Map:221
9/4/2020 14:48:58 /INVISIBLE
9/4/2020 15:09:42 Se conecto con ip:127.0.0.1
9/4/2020 15:09:47 /INVISIBLE
9/4/2020 15:09:48 /INVISIBLE
9/4/2020 15:09:48 /INVISIBLE
9/4/2020 15:09:53 /INVISIBLE
9/4/2020 15:09:54 /TELEPLOC a x:75 Y:75 Map:221
9/4/2020 15:09:55 /TELEPLOC a x:81 Y:75 Map:221
9/4/2020 15:09:55 /TELEPLOC a x:80 Y:80 Map:221
9/4/2020 15:10:03 /TELEPLOC a x:77 Y:84 Map:221
9/4/2020 15:10:03 /INVISIBLE
9/4/2020 15:10:04 /TELEPLOC a x:71 Y:83 Map:221
9/4/2020 15:10:04 /TELEPLOC a x:71 Y:78 Map:221
9/4/2020 15:10:06 /TELEPLOC a x:79 Y:79 Map:221
9/4/2020 15:10:09 Transporto a Dylan hacia Mapa1 X:0 Y:0
9/4/2020 15:11:00 /TELEPLOC a x:51 Y:68 Map:1
9/4/2020 15:11:01 /TELEPLOC a x:54 Y:62 Map:1
9/4/2020 15:11:02 /TELEPLOC a x:52 Y:57 Map:1
9/4/2020 15:11:02 /TELEPLOC a x:50 Y:52 Map:1
9/4/2020 15:11:03 /TELEPLOC a x:51 Y:48 Map:1
9/4/2020 15:11:40 /TELEPLOC a x:49 Y:59 Map:1
9/4/2020 15:11:42 /TELEPLOC a x:46 Y:63 Map:1
9/4/2020 15:11:53 Transporto a Dylan hacia Mapa10 X:0 Y:0
9/4/2020 15:11:56 /TELEPLOC a x:55 Y:48 Map:10
9/4/2020 15:12:07 /TELEPLOC a x:55 Y:40 Map:176
9/4/2020 15:12:08 /TELEPLOC a x:54 Y:46 Map:176
9/4/2020 15:12:09 /TELEPLOC a x:54 Y:51 Map:176
9/4/2020 15:12:10 /TELEPLOC a x:54 Y:55 Map:176
9/4/2020 15:12:10 /TELEPLOC a x:53 Y:63 Map:176
9/4/2020 15:12:11 /TELEPLOC a x:52 Y:71 Map:176
9/4/2020 15:12:12 /TELEPLOC a x:49 Y:78 Map:176
9/4/2020 15:12:12 /TELEPLOC a x:46 Y:83 Map:176
9/4/2020 15:12:13 /TELEPLOC a x:44 Y:87 Map:176
9/4/2020 15:12:14 /TELEPLOC a x:42 Y:91 Map:176
9/4/2020 15:12:15 /TELEPLOC a x:37 Y:90 Map:176
9/4/2020 15:12:16 /TELEPLOC a x:38 Y:85 Map:176
9/4/2020 15:12:22 /TELEPLOC a x:52 Y:73 Map:177
9/4/2020 15:12:23 /TELEPLOC a x:53 Y:66 Map:177
9/4/2020 15:12:23 /TELEPLOC a x:54 Y:59 Map:177
9/4/2020 15:12:24 /TELEPLOC a x:55 Y:54 Map:177
9/4/2020 15:12:24 /TELEPLOC a x:55 Y:49 Map:177
9/4/2020 15:12:26 /TELEPLOC a x:55 Y:38 Map:177
9/4/2020 15:12:26 /TELEPLOC a x:55 Y:29 Map:177
9/4/2020 15:12:33 /TELEPLOC a x:55 Y:39 Map:177
9/4/2020 15:12:33 /TELEPLOC a x:55 Y:46 Map:177
9/4/2020 15:12:34 /TELEPLOC a x:60 Y:51 Map:177
9/4/2020 15:12:35 /TELEPLOC a x:64 Y:56 Map:177
9/4/2020 15:12:36 /TELEPLOC a x:61 Y:63 Map:177
9/4/2020 15:12:37 /TELEPLOC a x:54 Y:69 Map:177
9/4/2020 15:12:38 /TELEPLOC a x:54 Y:77 Map:177
9/4/2020 15:12:40 /TELEPLOC a x:57 Y:87 Map:177
9/4/2020 15:12:42 /TELEPLOC a x:68 Y:89 Map:177
9/4/2020 15:12:43 /TELEPLOC a x:79 Y:88 Map:177
9/4/2020 15:12:43 /TELEPLOC a x:69 Y:89 Map:177
9/4/2020 15:12:44 /TELEPLOC a x:60 Y:88 Map:177
9/4/2020 15:12:44 /TELEPLOC a x:52 Y:87 Map:177
9/4/2020 15:12:45 /TELEPLOC a x:44 Y:86 Map:177
9/4/2020 15:12:45 /TELEPLOC a x:35 Y:85 Map:177
9/4/2020 15:12:47 /TELEPLOC a x:39 Y:79 Map:177
9/4/2020 15:12:48 /TELEPLOC a x:49 Y:79 Map:177
9/4/2020 15:12:53 Transporto a Dylan hacia Mapa190 X:0 Y:0
9/4/2020 15:12:55 /TELEPLOC a x:43 Y:55 Map:190
9/4/2020 15:12:56 /TELEPLOC a x:37 Y:60 Map:190
9/4/2020 15:13:04 /TELEPLOC a x:46 Y:72 Map:190
9/4/2020 15:13:04 /TELEPLOC a x:52 Y:73 Map:190
9/4/2020 15:13:05 /TELEPLOC a x:58 Y:74 Map:190
9/4/2020 15:13:05 /TELEPLOC a x:64 Y:75 Map:190
