4/6/2020 15:25:27 Se conecto con ip:127.0.0.1
4/6/2020 15:25:42 Transporto a Evva hacia Mapa28 X:0 Y:0
4/6/2020 15:26:38 /TELEPLOC a x:50 Y:51 Map:28
4/6/2020 15:26:39 /TELEPLOC a x:47 Y:55 Map:28
4/6/2020 15:26:39 /TELEPLOC a x:45 Y:58 Map:28
4/6/2020 15:26:40 /TELEPLOC a x:46 Y:63 Map:28
4/6/2020 15:26:41 /TELEPLOC a x:53 Y:62 Map:28
4/6/2020 15:26:41 /TELEPLOC a x:60 Y:61 Map:28
4/6/2020 15:26:42 /TELEPLOC a x:68 Y:60 Map:28
4/6/2020 15:26:43 /TELEPLOC a x:65 Y:56 Map:28
4/6/2020 15:26:43 /TELEPLOC a x:67 Y:53 Map:28
4/6/2020 15:26:44 /TELEPLOC a x:72 Y:51 Map:28
4/6/2020 15:26:44 /TELEPLOC a x:77 Y:50 Map:28
4/6/2020 15:26:44 /TELEPLOC a x:81 Y:48 Map:28
4/6/2020 15:26:45 /TELEPLOC a x:77 Y:39 Map:28
4/6/2020 15:27:04 Creo objeto:Monedas de oro (1)
4/6/2020 15:27:14 /TELEPLOC a x:71 Y:35 Map:28
4/6/2020 15:27:14 /TELEPLOC a x:72 Y:30 Map:28
4/6/2020 15:27:14 /TELEPLOC a x:73 Y:25 Map:28
4/6/2020 15:27:14 /TELEPLOC a x:73 Y:21 Map:28
4/6/2020 15:27:15 /TELEPLOC a x:71 Y:19 Map:28
4/6/2020 15:27:16 /TELEPLOC a x:76 Y:24 Map:28
4/6/2020 15:27:54 /TELEPLOC a x:81 Y:26 Map:28
4/6/2020 15:27:54 /TELEPLOC a x:87 Y:23 Map:28
4/6/2020 15:27:55 /TELEPLOC a x:88 Y:18 Map:28
4/6/2020 15:28:02 Transporto a Evva hacia Mapa30 X:0 Y:0
4/6/2020 15:28:53 Creo objeto:Anda al Resu (GM) (1)
4/6/2020 15:29:58 Sumoneo Medusa
4/6/2020 15:29:59 Sumoneo Medusa
4/6/2020 15:29:59 Sumoneo Medusa
4/6/2020 15:30:00 Sumoneo Medusa
4/6/2020 15:30:00 Sumoneo Medusa
4/6/2020 15:30:19 Tiro cantidad:150 Objeto:Pocion azul (newbie)
4/6/2020 15:31:18 Sumoneo Medusa
4/6/2020 15:31:18 Sumoneo Medusa
4/6/2020 15:31:18 Sumoneo Medusa
4/6/2020 15:31:18 Sumoneo Medusa
4/6/2020 15:31:18 Sumoneo Medusa
4/6/2020 15:31:18 Sumoneo Medusa
4/6/2020 15:31:19 Sumoneo Medusa
4/6/2020 15:31:19 Sumoneo Medusa
4/6/2020 15:31:19 Sumoneo Medusa
4/6/2020 15:31:19 Sumoneo Medusa
4/6/2020 15:31:19 Sumoneo Medusa
4/6/2020 15:31:19 Sumoneo Medusa
4/6/2020 15:31:20 Sumoneo Medusa
4/6/2020 15:31:20 Sumoneo Medusa
4/6/2020 15:31:29 /TELEPLOC a x:51 Y:52 Map:1
4/6/2020 15:32:14 /TELEPLOC a x:52 Y:47 Map:1
4/6/2020 15:32:14 Agarro:1 Objeto:Gema celeste
4/6/2020 15:33:23 /TELEPLOC a x:50 Y:52 Map:1
4/6/2020 15:33:25 /TELEPLOC a x:71 Y:84 Map:221
4/6/2020 15:33:25 /TELEPLOC a x:75 Y:87 Map:221
4/6/2020 15:33:26 /TELEPLOC a x:82 Y:84 Map:221
4/6/2020 15:33:26 /TELEPLOC a x:82 Y:78 Map:221
4/6/2020 15:33:27 /TELEPLOC a x:81 Y:73 Map:221
4/6/2020 15:33:27 /TELEPLOC a x:74 Y:72 Map:221
4/6/2020 15:33:27 /TELEPLOC a x:68 Y:73 Map:221
4/6/2020 15:33:28 /TELEPLOC a x:61 Y:71 Map:221
4/6/2020 15:33:29 /TELEPLOC a x:62 Y:77 Map:221
4/6/2020 15:33:29 /TELEPLOC a x:67 Y:73 Map:221
4/6/2020 15:33:30 /TELEPLOC a x:71 Y:67 Map:221
4/6/2020 15:33:30 /TELEPLOC a x:65 Y:61 Map:221
4/6/2020 15:33:31 /TELEPLOC a x:62 Y:57 Map:221
4/6/2020 15:33:31 /TELEPLOC a x:56 Y:55 Map:221
4/6/2020 15:33:32 /TELEPLOC a x:52 Y:51 Map:221
4/6/2020 15:33:32 /TELEPLOC a x:51 Y:46 Map:221
4/6/2020 15:33:32 /TELEPLOC a x:47 Y:43 Map:221
4/6/2020 15:33:33 /TELEPLOC a x:49 Y:38 Map:221
4/6/2020 15:33:33 /TELEPLOC a x:53 Y:34 Map:221
4/6/2020 15:33:33 /TELEPLOC a x:59 Y:30 Map:221
4/6/2020 15:33:34 /TELEPLOC a x:58 Y:25 Map:221
4/6/2020 15:33:35 /TELEPLOC a x:59 Y:24 Map:221
4/6/2020 15:33:36 /TELEPLOC a x:59 Y:19 Map:221
4/6/2020 15:33:37 /TELEPLOC a x:60 Y:16 Map:221
4/6/2020 15:33:37 /TELEPLOC a x:57 Y:16 Map:221
4/6/2020 15:33:38 /TELEPLOC a x:53 Y:16 Map:221
4/6/2020 15:33:39 /TELEPLOC a x:52 Y:7 Map:221
4/6/2020 15:33:40 /TELEPLOC a x:51 Y:7 Map:221
4/6/2020 15:33:41 /TELEPLOC a x:49 Y:7 Map:221
4/6/2020 15:33:42 /TELEPLOC a x:51 Y:11 Map:221
4/6/2020 15:33:42 /TELEPLOC a x:54 Y:15 Map:221
4/6/2020 15:33:42 /TELEPLOC a x:56 Y:18 Map:221
4/6/2020 15:33:48 Transporto a Evva hacia Mapa200 X:0 Y:0
4/6/2020 15:33:51 /TELEPLOC a x:55 Y:53 Map:200
4/6/2020 15:33:58 Transporto a Evva hacia Mapa150 X:0 Y:0
4/6/2020 15:34:00 /TELEPLOC a x:47 Y:44 Map:150
4/6/2020 15:34:00 /TELEPLOC a x:49 Y:39 Map:150
4/6/2020 15:34:01 /TELEPLOC a x:53 Y:32 Map:150
4/6/2020 15:34:02 /TELEPLOC a x:56 Y:25 Map:150
4/6/2020 15:34:02 /TELEPLOC a x:60 Y:20 Map:150
4/6/2020 15:34:03 /TELEPLOC a x:60 Y:16 Map:150
4/6/2020 15:34:10 /TELEPLOC a x:58 Y:21 Map:150
4/6/2020 15:34:10 /TELEPLOC a x:58 Y:27 Map:150
4/6/2020 15:34:10 /TELEPLOC a x:58 Y:32 Map:150
4/6/2020 15:34:10 /TELEPLOC a x:56 Y:35 Map:150
4/6/2020 15:34:11 /TELEPLOC a x:54 Y:39 Map:150
4/6/2020 15:34:11 /TELEPLOC a x:53 Y:42 Map:150
4/6/2020 15:34:11 /TELEPLOC a x:56 Y:47 Map:150
4/6/2020 15:34:11 /TELEPLOC a x:60 Y:52 Map:150
4/6/2020 15:34:12 /TELEPLOC a x:63 Y:58 Map:150
4/6/2020 15:34:12 /TELEPLOC a x:66 Y:63 Map:150
4/6/2020 15:34:12 /TELEPLOC a x:69 Y:69 Map:150
4/6/2020 15:34:13 /TELEPLOC a x:72 Y:75 Map:150
4/6/2020 15:34:13 /TELEPLOC a x:70 Y:80 Map:150
4/6/2020 15:34:14 /TELEPLOC a x:63 Y:83 Map:150
4/6/2020 15:34:17 /TELEPLOC a x:59 Y:12 Map:148
4/6/2020 15:34:17 /TELEPLOC a x:58 Y:14 Map:148
4/6/2020 15:34:17 /TELEPLOC a x:57 Y:17 Map:148
4/6/2020 15:34:18 /TELEPLOC a x:56 Y:19 Map:148
4/6/2020 15:34:18 /TELEPLOC a x:55 Y:22 Map:148
4/6/2020 15:34:18 /TELEPLOC a x:54 Y:25 Map:148
4/6/2020 15:34:18 /TELEPLOC a x:55 Y:29 Map:148
4/6/2020 15:34:18 /TELEPLOC a x:57 Y:33 Map:148
4/6/2020 15:34:19 /TELEPLOC a x:59 Y:39 Map:148
4/6/2020 15:34:19 /TELEPLOC a x:60 Y:44 Map:148
4/6/2020 15:34:19 /TELEPLOC a x:61 Y:48 Map:148
4/6/2020 15:34:19 /TELEPLOC a x:62 Y:53 Map:148
4/6/2020 15:34:19 /TELEPLOC a x:62 Y:58 Map:148
4/6/2020 15:34:20 /TELEPLOC a x:61 Y:64 Map:148
4/6/2020 15:34:20 /TELEPLOC a x:59 Y:70 Map:148
4/6/2020 15:34:20 /TELEPLOC a x:57 Y:75 Map:148
4/6/2020 15:34:20 /TELEPLOC a x:55 Y:81 Map:148
4/6/2020 15:34:21 Transporto a Evva hacia Mapa148 X:18 Y:67
4/6/2020 15:34:23 Transporto a Evva hacia Mapa149 X:17 Y:68
4/6/2020 15:34:23 Transporto a Evva hacia Mapa149 X:53 Y:65
4/6/2020 15:34:25 /TELEPLOC a x:59 Y:62 Map:149
4/6/2020 15:34:28 /TELEPLOC a x:68 Y:51 Map:149
4/6/2020 15:34:28 /TELEPLOC a x:69 Y:46 Map:149
4/6/2020 15:34:29 /TELEPLOC a x:69 Y:39 Map:149
4/6/2020 15:34:30 /TELEPLOC a x:68 Y:28 Map:149
4/6/2020 15:34:32 /TELEPLOC a x:68 Y:31 Map:149
4/6/2020 15:34:32 /TELEPLOC a x:67 Y:35 Map:149
4/6/2020 15:34:32 /TELEPLOC a x:66 Y:40 Map:149
4/6/2020 15:34:33 /TELEPLOC a x:65 Y:46 Map:149
4/6/2020 15:34:33 /TELEPLOC a x:64 Y:50 Map:149
4/6/2020 15:34:34 /TELEPLOC a x:59 Y:52 Map:149
4/6/2020 15:34:34 /TELEPLOC a x:53 Y:55 Map:149
4/6/2020 15:34:34 /TELEPLOC a x:47 Y:57 Map:149
4/6/2020 15:34:34 /TELEPLOC a x:43 Y:60 Map:149
4/6/2020 15:34:35 /TELEPLOC a x:42 Y:64 Map:149
4/6/2020 15:34:36 /TELEPLOC a x:39 Y:62 Map:149
4/6/2020 15:34:36 /TELEPLOC a x:36 Y:61 Map:149
4/6/2020 15:34:36 /TELEPLOC a x:33 Y:60 Map:149
4/6/2020 15:34:47 /TELEPLOC a x:27 Y:63 Map:149
4/6/2020 15:34:49 /TELEPLOC a x:27 Y:62 Map:149
4/6/2020 15:34:59 /TELEPLOC a x:27 Y:56 Map:149
4/6/2020 15:34:59 /TELEPLOC a x:28 Y:52 Map:149
4/6/2020 15:34:59 /TELEPLOC a x:28 Y:48 Map:149
4/6/2020 15:35:00 /TELEPLOC a x:27 Y:43 Map:149
4/6/2020 15:35:01 /TELEPLOC a x:35 Y:42 Map:149
4/6/2020 15:35:04 /TELEPLOC a x:39 Y:36 Map:149
4/6/2020 15:35:04 /TELEPLOC a x:42 Y:30 Map:149
4/6/2020 15:35:05 /TELEPLOC a x:43 Y:24 Map:149
4/6/2020 15:35:21 /TELEPLOC a x:50 Y:24 Map:149
4/6/2020 15:35:22 /TELEPLOC a x:55 Y:27 Map:149
4/6/2020 15:35:22 /TELEPLOC a x:60 Y:31 Map:149
4/6/2020 15:35:23 /TELEPLOC a x:65 Y:33 Map:149
4/6/2020 15:35:24 /TELEPLOC a x:72 Y:36 Map:149
4/6/2020 15:35:24 /TELEPLOC a x:78 Y:37 Map:149
4/6/2020 15:35:25 /TELEPLOC a x:85 Y:42 Map:149
4/6/2020 15:35:26 /TELEPLOC a x:83 Y:48 Map:149
4/6/2020 15:35:26 /TELEPLOC a x:81 Y:51 Map:149
4/6/2020 15:35:27 /TELEPLOC a x:75 Y:54 Map:149
4/6/2020 15:35:31 Transporto a Evva hacia Mapa34 X:0 Y:0
4/6/2020 15:35:49 Mensaje Broadcast:asd
4/6/2020 15:35:54 Mensaje Broadcast:Buenas noches.
4/6/2020 15:35:55 /TELEPLOC a x:40 Y:65 Map:34
4/6/2020 15:35:56 /TELEPLOC a x:38 Y:70 Map:34
4/6/2020 15:35:57 /TELEPLOC a x:36 Y:78 Map:34
4/6/2020 15:35:58 /TELEPLOC a x:37 Y:86 Map:34
4/6/2020 15:36:00 Transporto a Evva hacia Mapa13 X:47 Y:86
4/6/2020 15:36:09 /TELEPLOC a x:35 Y:85 Map:13
4/6/2020 15:36:11 /TELEPLOC a x:32 Y:75 Map:13
4/6/2020 15:36:12 /TELEPLOC a x:37 Y:79 Map:13
4/6/2020 15:36:12 /TELEPLOC a x:39 Y:84 Map:13
4/6/2020 15:36:40 Creo objeto:Báculo de los Dioses (1)
4/6/2020 15:37:04 /TELEPLOC a x:19 Y:59 Map:13
4/6/2020 15:37:04 /TELEPLOC a x:20 Y:54 Map:13
4/6/2020 15:37:05 /TELEPLOC a x:22 Y:49 Map:13
4/6/2020 15:37:06 /TELEPLOC a x:24 Y:39 Map:13
4/6/2020 15:37:07 /TELEPLOC a x:21 Y:31 Map:13
4/6/2020 15:37:14 /TELEPLOC a x:29 Y:17 Map:51
4/6/2020 15:37:14 /TELEPLOC a x:28 Y:22 Map:51
4/6/2020 15:37:14 /TELEPLOC a x:27 Y:27 Map:51
4/6/2020 15:37:14 /TELEPLOC a x:30 Y:31 Map:51
4/6/2020 15:37:15 /TELEPLOC a x:32 Y:36 Map:51
4/6/2020 15:37:15 /TELEPLOC a x:26 Y:38 Map:51
4/6/2020 15:37:15 /TELEPLOC a x:23 Y:44 Map:51
4/6/2020 15:37:16 /TELEPLOC a x:21 Y:50 Map:51
4/6/2020 15:37:16 /TELEPLOC a x:21 Y:54 Map:51
4/6/2020 15:37:16 /TELEPLOC a x:25 Y:55 Map:51
4/6/2020 15:37:16 /TELEPLOC a x:30 Y:54 Map:51
4/6/2020 15:37:17 Transporto a Evva hacia Mapa51 X:64 Y:50
4/6/2020 15:37:18 Transporto a Evva hacia Mapa51 X:62 Y:48
4/6/2020 15:37:18 Transporto a Evva hacia Mapa51 X:67 Y:44
4/6/2020 15:37:35 Transporto a Evva hacia Mapa11 X:0 Y:0
4/6/2020 15:37:36 /TELEPLOC a x:60 Y:46 Map:11
4/6/2020 15:37:37 /TELEPLOC a x:63 Y:41 Map:11
4/6/2020 15:37:37 /TELEPLOC a x:64 Y:36 Map:11
4/6/2020 15:37:37 /TELEPLOC a x:64 Y:31 Map:11
4/6/2020 15:37:37 /TELEPLOC a x:64 Y:25 Map:11
4/6/2020 15:37:38 /TELEPLOC a x:63 Y:22 Map:11
4/6/2020 15:37:42 /TELEPLOC a x:62 Y:82 Map:12
4/6/2020 15:37:42 /TELEPLOC a x:58 Y:77 Map:12
4/6/2020 15:37:43 /TELEPLOC a x:53 Y:75 Map:12
4/6/2020 15:37:44 /TELEPLOC a x:53 Y:65 Map:12
4/6/2020 15:37:44 /TELEPLOC a x:56 Y:59 Map:12
4/6/2020 15:37:45 /TELEPLOC a x:58 Y:53 Map:12
4/6/2020 15:37:45 /TELEPLOC a x:59 Y:48 Map:12
4/6/2020 15:37:45 /TELEPLOC a x:60 Y:43 Map:12
4/6/2020 15:37:46 Transporto a Evva hacia Mapa12 X:46 Y:37
4/6/2020 15:37:47 /TELEPLOC a x:49 Y:33 Map:12
4/6/2020 15:37:49 Transporto a Evva hacia Mapa12 X:81 Y:36
4/6/2020 15:37:50 /TELEPLOC a x:84 Y:32 Map:12
4/6/2020 15:37:50 /TELEPLOC a x:79 Y:28 Map:12
4/6/2020 15:37:51 /TELEPLOC a x:77 Y:23 Map:12
4/6/2020 15:37:53 Transporto a Evva hacia Mapa12 X:70 Y:87
4/6/2020 15:37:53 Transporto a Evva hacia Mapa12 X:82 Y:92
4/6/2020 15:37:58 /TELEPLOC a x:84 Y:94 Map:12
4/6/2020 15:37:59 /TELEPLOC a x:84 Y:94 Map:12
4/6/2020 15:38:01 /TELEPLOC a x:84 Y:94 Map:12
4/6/2020 15:38:01 /TELEPLOC a x:81 Y:92 Map:12
4/6/2020 15:38:02 Transporto a Evva hacia Mapa12 X:51 Y:87
4/6/2020 15:38:06 /TELEPLOC a x:67 Y:16 Map:11
4/6/2020 15:38:07 /TELEPLOC a x:76 Y:18 Map:11
4/6/2020 15:38:07 /TELEPLOC a x:82 Y:21 Map:11
4/6/2020 15:38:07 /TELEPLOC a x:88 Y:23 Map:11
4/6/2020 15:38:07 /TELEPLOC a x:88 Y:23 Map:11
4/6/2020 15:38:23 /TELEPLOC a x:88 Y:23 Map:11
4/6/2020 15:38:23 /TELEPLOC a x:86 Y:28 Map:11
4/6/2020 15:38:23 /TELEPLOC a x:84 Y:32 Map:11
4/6/2020 15:38:24 /TELEPLOC a x:82 Y:37 Map:11
4/6/2020 15:38:24 /TELEPLOC a x:80 Y:43 Map:11
4/6/2020 15:38:24 /TELEPLOC a x:78 Y:49 Map:11
4/6/2020 15:38:25 /TELEPLOC a x:82 Y:52 Map:11
4/6/2020 15:38:32 /TELEPLOC a x:82 Y:52 Map:11
4/6/2020 15:38:33 /TELEPLOC a x:90 Y:57 Map:11
4/6/2020 15:38:33 /TELEPLOC a x:92 Y:62 Map:11
4/6/2020 15:38:33 /TELEPLOC a x:92 Y:62 Map:11
4/6/2020 15:38:34 /TELEPLOC a x:92 Y:68 Map:11
4/6/2020 15:38:34 /TELEPLOC a x:92 Y:74 Map:11
4/6/2020 15:38:34 /TELEPLOC a x:92 Y:79 Map:11
4/6/2020 15:38:34 /TELEPLOC a x:91 Y:85 Map:11
4/6/2020 15:38:34 /TELEPLOC a x:90 Y:91 Map:11
4/6/2020 15:38:37 /TELEPLOC a x:83 Y:94 Map:11
4/6/2020 15:38:50 /TELEPLOC a x:64 Y:90 Map:11
4/6/2020 15:38:50 /TELEPLOC a x:63 Y:86 Map:11
4/6/2020 15:38:50 /TELEPLOC a x:61 Y:81 Map:11
4/6/2020 15:39:01 /INVISIBLE
4/6/2020 15:39:11 /INVISIBLE
4/6/2020 15:39:22 /TELEPLOC a x:38 Y:46 Map:11
4/6/2020 15:39:23 /TELEPLOC a x:39 Y:40 Map:11
4/6/2020 15:39:23 /TELEPLOC a x:38 Y:34 Map:11
4/6/2020 15:39:24 /TELEPLOC a x:37 Y:28 Map:11
4/6/2020 15:39:25 /TELEPLOC a x:37 Y:28 Map:11
4/6/2020 15:39:25 /TELEPLOC a x:45 Y:21 Map:11
4/6/2020 15:39:54 Transporto a Evva hacia Mapa47 X:0 Y:0
4/6/2020 15:40:02 /TELEPLOC a x:50 Y:69 Map:48
4/6/2020 15:40:10 /TELEPLOC a x:40 Y:38 Map:48
4/6/2020 15:40:10 /TELEPLOC a x:40 Y:32 Map:48
4/6/2020 15:40:11 /TELEPLOC a x:38 Y:26 Map:48
4/6/2020 15:40:37 Transporto a Evva hacia Mapa49 X:62 Y:54
4/6/2020 15:40:37 Transporto a Evva hacia Mapa49 X:59 Y:57
4/6/2020 15:40:38 Transporto a Evva hacia Mapa49 X:57 Y:59
4/6/2020 15:40:39 Transporto a Evva hacia Mapa49 X:58 Y:60
4/6/2020 15:40:39 /TELEPLOC a x:58 Y:56 Map:49
4/6/2020 15:40:40 /TELEPLOC a x:49 Y:55 Map:49
4/6/2020 15:40:41 /TELEPLOC a x:80 Y:44 Map:50
4/6/2020 15:40:42 /TELEPLOC a x:75 Y:41 Map:50
4/6/2020 15:40:43 /TELEPLOC a x:69 Y:38 Map:50
4/6/2020 15:40:43 /TELEPLOC a x:65 Y:31 Map:50
4/6/2020 15:40:59 /TELEPLOC a x:61 Y:23 Map:50
4/6/2020 15:41:00 /TELEPLOC a x:55 Y:18 Map:50
4/6/2020 15:41:00 /TELEPLOC a x:50 Y:21 Map:50
4/6/2020 15:41:13 /TELEPLOC a x:49 Y:22 Map:50
4/6/2020 15:41:19 /TELEPLOC a x:60 Y:25 Map:50
4/6/2020 15:41:50 Creo objeto:Espada Especial GM`s (1)
4/6/2020 15:42:02 Creo objeto:Espada Glacial Azul (1)
4/6/2020 15:42:42 Tiro cantidad:1 Objeto:Espada Glacial Azul
4/6/2020 15:42:43 Tiro cantidad:1 Objeto:Espada Especial GM`s
4/6/2020 15:42:47 Tiro cantidad:1 Objeto:Gema celeste
4/6/2020 15:42:48 Agarro:1 Objeto:Gema celeste
4/6/2020 15:42:50 Agarro:1 Objeto:Espada Especial GM`s
4/6/2020 15:42:54 Transporto a Evva hacia Mapa1 X:0 Y:0
4/6/2020 15:42:57 Tiro cantidad:1 Objeto:Espada Especial GM`s
4/6/2020 17:01:25 Se conecto con ip:127.0.0.1
4/6/2020 17:01:30 /TELEPLOC a x:44 Y:51 Map:9
4/6/2020 17:01:31 /TELEPLOC a x:43 Y:51 Map:9
4/6/2020 17:01:35 /TELEPLOC a x:46 Y:54 Map:9
4/6/2020 17:01:35 /TELEPLOC a x:49 Y:58 Map:9
4/6/2020 17:01:37 /TELEPLOC a x:43 Y:61 Map:9
4/6/2020 17:02:00 /TELEPLOC a x:45 Y:59 Map:9
4/6/2020 17:02:03 /TELEPLOC a x:49 Y:55 Map:9
4/6/2020 17:02:04 /TELEPLOC a x:49 Y:51 Map:9
4/6/2020 17:02:04 /TELEPLOC a x:49 Y:46 Map:9
4/6/2020 17:02:04 /TELEPLOC a x:49 Y:41 Map:9
4/6/2020 17:02:05 /TELEPLOC a x:50 Y:36 Map:9
4/6/2020 17:05:17 Se conecto con ip:127.0.0.1
4/6/2020 17:05:19 /TELEPLOC a x:54 Y:50 Map:9
4/6/2020 17:10:25 Se conecto con ip:127.0.0.1
4/6/2020 17:10:46 Transporto a Evva hacia Mapa1 X:0 Y:0
4/6/2020 17:10:47 /TELEPLOC a x:57 Y:50 Map:1
4/6/2020 17:10:48 /TELEPLOC a x:61 Y:52 Map:1
4/6/2020 17:10:48 /TELEPLOC a x:52 Y:52 Map:191
4/6/2020 17:10:50 /TELEPLOC a x:57 Y:58 Map:191
4/6/2020 17:10:52 Transporto a Evva hacia Mapa1 X:78 Y:77
4/6/2020 17:10:54 /TELEPLOC a x:72 Y:75 Map:1
4/6/2020 17:11:05 /TELEPLOC a x:67 Y:86 Map:1
4/6/2020 17:11:07 /TELEPLOC a x:64 Y:85 Map:1
4/6/2020 17:11:38 Transporto a Evva hacia Mapa225 X:73 Y:41
4/6/2020 17:11:39 Transporto a Evva hacia Mapa225 X:64 Y:35
4/6/2020 17:11:39 Transporto a Evva hacia Mapa225 X:62 Y:30
4/6/2020 17:11:45 Transporto a Evva hacia Mapa1 X:74 Y:80
4/6/2020 17:12:02 /TELEPLOC a x:70 Y:83 Map:1
4/6/2020 17:12:02 /TELEPLOC a x:69 Y:87 Map:1
4/6/2020 17:12:02 /TELEPLOC a x:68 Y:91 Map:1
4/6/2020 17:12:03 /TELEPLOC a x:65 Y:91 Map:1
4/6/2020 17:13:09 /TELEPLOC a x:47 Y:30 Map:225
4/6/2020 17:13:11 /TELEPLOC a x:44 Y:30 Map:225
4/6/2020 17:13:12 /TELEPLOC a x:41 Y:26 Map:225
4/6/2020 17:13:15 /TELEPLOC a x:45 Y:33 Map:225
4/6/2020 17:14:50 Creo objeto:Portal Luminoso (1)
4/6/2020 17:15:02 /TELEPLOC a x:54 Y:52 Map:1
4/6/2020 17:15:02 /TELEPLOC a x:55 Y:55 Map:1
4/6/2020 17:15:02 /TELEPLOC a x:54 Y:58 Map:1
4/6/2020 17:15:02 /TELEPLOC a x:53 Y:61 Map:1
4/6/2020 17:15:03 /TELEPLOC a x:56 Y:64 Map:1
4/6/2020 17:15:03 /TELEPLOC a x:62 Y:67 Map:1
4/6/2020 17:15:03 /TELEPLOC a x:63 Y:71 Map:1
4/6/2020 17:15:04 /TELEPLOC a x:62 Y:75 Map:1
4/6/2020 17:15:04 /TELEPLOC a x:61 Y:79 Map:1
4/6/2020 17:15:04 /TELEPLOC a x:60 Y:82 Map:1
4/6/2020 17:15:04 /TELEPLOC a x:59 Y:87 Map:1
4/6/2020 17:15:06 /TELEPLOC a x:62 Y:13 Map:225
4/6/2020 17:15:08 /TELEPLOC a x:55 Y:24 Map:225
4/6/2020 17:15:09 /TELEPLOC a x:49 Y:26 Map:225
4/6/2020 17:15:09 /TELEPLOC a x:43 Y:28 Map:225
4/6/2020 17:15:09 /TELEPLOC a x:38 Y:30 Map:225
4/6/2020 17:15:10 /TELEPLOC a x:35 Y:35 Map:225
4/6/2020 17:15:10 /TELEPLOC a x:33 Y:40 Map:225
4/6/2020 17:15:11 /TELEPLOC a x:34 Y:43 Map:225
4/6/2020 17:15:11 /TELEPLOC a x:31 Y:47 Map:225
4/6/2020 17:15:11 /TELEPLOC a x:27 Y:49 Map:225
4/6/2020 17:15:31 Transporto a Evva hacia Mapa128 X:0 Y:0
4/6/2020 17:15:34 /TELEPLOC a x:48 Y:52 Map:128
4/6/2020 17:15:34 /TELEPLOC a x:46 Y:54 Map:128
4/6/2020 17:15:35 /TELEPLOC a x:40 Y:56 Map:128
4/6/2020 17:15:35 /TELEPLOC a x:34 Y:58 Map:128
4/6/2020 17:15:35 /TELEPLOC a x:42 Y:60 Map:128
4/6/2020 17:15:42 /TELEPLOC a x:41 Y:61 Map:128
4/6/2020 17:15:42 /TELEPLOC a x:36 Y:61 Map:128
4/6/2020 17:15:42 /TELEPLOC a x:31 Y:61 Map:128
4/6/2020 17:15:42 /TELEPLOC a x:26 Y:61 Map:128
4/6/2020 17:15:43 /TELEPLOC a x:21 Y:61 Map:128
4/6/2020 17:15:43 /TELEPLOC a x:16 Y:62 Map:128
4/6/2020 17:15:43 /TELEPLOC a x:11 Y:63 Map:128
4/6/2020 17:15:44 /TELEPLOC a x:11 Y:63 Map:128
4/6/2020 17:15:48 Transporto a Evva hacia Mapa130 X:0 Y:0
4/6/2020 17:15:53 Transporto a Evva hacia Mapa125 X:0 Y:0
4/6/2020 17:15:56 Transporto a Evva hacia Mapa131 X:0 Y:0
4/6/2020 17:15:59 Transporto a Evva hacia Mapa131 X:66 Y:84
4/6/2020 17:16:35 /TELEPLOC a x:78 Y:48 Map:181
4/6/2020 17:16:39 /TELEPLOC a x:83 Y:47 Map:181
4/6/2020 17:16:39 /TELEPLOC a x:87 Y:42 Map:181
4/6/2020 17:16:46 /TELEPLOC a x:69 Y:52 Map:181
4/6/2020 17:16:46 /TELEPLOC a x:64 Y:56 Map:181
4/6/2020 17:16:47 /TELEPLOC a x:57 Y:57 Map:181
4/6/2020 17:16:47 /TELEPLOC a x:51 Y:55 Map:181
4/6/2020 17:16:49 Transporto a Evva hacia Mapa181 X:38 Y:71
4/6/2020 17:16:50 /TELEPLOC a x:31 Y:66 Map:181
4/6/2020 17:16:54 Transporto a Evva hacia Mapa182 X:60 Y:43
4/6/2020 17:16:55 /TELEPLOC a x:63 Y:38 Map:182
4/6/2020 17:16:56 /TELEPLOC a x:66 Y:33 Map:182
4/6/2020 17:17:00 Transporto a Evva hacia Mapa181 X:76 Y:44
4/6/2020 17:17:01 Transporto a Evva hacia Mapa181 X:72 Y:35
4/6/2020 17:17:02 /TELEPLOC a x:73 Y:31 Map:181
4/6/2020 17:17:03 /TELEPLOC a x:73 Y:28 Map:181
4/6/2020 17:17:07 /TELEPLOC a x:73 Y:46 Map:183
4/6/2020 17:17:07 /TELEPLOC a x:69 Y:44 Map:183
4/6/2020 17:17:07 /TELEPLOC a x:65 Y:42 Map:183
4/6/2020 17:17:08 /TELEPLOC a x:61 Y:40 Map:183
4/6/2020 17:17:08 /TELEPLOC a x:57 Y:43 Map:183
4/6/2020 17:17:08 /TELEPLOC a x:53 Y:46 Map:183
4/6/2020 17:17:09 /TELEPLOC a x:51 Y:46 Map:183
4/6/2020 17:17:09 /TELEPLOC a x:47 Y:43 Map:183
4/6/2020 17:17:09 /TELEPLOC a x:43 Y:40 Map:183
4/6/2020 17:17:09 /TELEPLOC a x:42 Y:36 Map:183
4/6/2020 17:17:10 /TELEPLOC a x:35 Y:35 Map:183
4/6/2020 17:17:11 /TELEPLOC a x:35 Y:32 Map:183
4/6/2020 17:17:11 /TELEPLOC a x:37 Y:26 Map:183
4/6/2020 17:17:12 /TELEPLOC a x:35 Y:23 Map:183
4/6/2020 17:17:12 /TELEPLOC a x:41 Y:22 Map:183
4/6/2020 17:17:12 /TELEPLOC a x:48 Y:21 Map:183
4/6/2020 17:17:13 /TELEPLOC a x:54 Y:20 Map:183
4/6/2020 17:17:13 /TELEPLOC a x:55 Y:22 Map:183
4/6/2020 17:17:13 /TELEPLOC a x:58 Y:20 Map:183
4/6/2020 17:17:14 /TELEPLOC a x:63 Y:17 Map:183
4/6/2020 17:17:14 /TELEPLOC a x:64 Y:14 Map:183
4/6/2020 17:17:14 /TELEPLOC a x:70 Y:14 Map:183
4/6/2020 17:17:15 /TELEPLOC a x:77 Y:15 Map:183
4/6/2020 17:17:15 /TELEPLOC a x:78 Y:20 Map:183
4/6/2020 17:17:16 /TELEPLOC a x:78 Y:25 Map:183
4/6/2020 17:17:35 Creo objeto:Galeon de Comandante (1)
4/6/2020 17:17:39 Transporto a Evva hacia Mapa183 X:57 Y:48
4/6/2020 17:17:46 Tiro cantidad:1 Objeto:Galeon de Comandante
4/6/2020 17:17:49 Agarro:1 Objeto:Galeon de Comandante
4/6/2020 17:18:04 Tiro cantidad:1 Objeto:Galeon de Comandante
4/6/2020 17:18:06 Tiro cantidad:1 Objeto:Gema celeste
4/6/2020 17:24:45 Se conecto con ip:127.0.0.1
4/6/2020 17:25:01 Creo objeto:Daga +5 (1)
4/6/2020 17:25:05 Transporto a Evva hacia Mapa1 X:0 Y:0
4/6/2020 17:25:07 Transporto a Evva hacia Mapa1 X:59 Y:83
4/6/2020 17:25:08 Tiro cantidad:1 Objeto:Daga +5
5/6/2020 01:06:46 Se conecto con ip:127.0.0.1
5/6/2020 01:07:02 Transporto a Evva hacia Mapa9 X:0 Y:0
5/6/2020 01:07:20 Transporto a Evva hacia Mapa17 X:50 Y:50
5/6/2020 01:07:26 Transporto a Evva hacia Mapa17 X:50 Y:50
5/6/2020 01:07:33 Transporto a Evva hacia Mapa10 X:50 Y:50
5/6/2020 01:08:17 /TELEPLOC a x:35 Y:43 Map:10
5/6/2020 01:08:17 /TELEPLOC a x:32 Y:40 Map:10
5/6/2020 01:08:24 /TELEPLOC a x:26 Y:40 Map:10
5/6/2020 01:08:29 /TELEPLOC a x:22 Y:47 Map:10
5/6/2020 01:08:29 /TELEPLOC a x:24 Y:51 Map:10
5/6/2020 01:08:30 /TELEPLOC a x:26 Y:55 Map:10
5/6/2020 01:08:42 Transporto a Evva hacia Mapa3 X:50 Y:50
5/6/2020 01:08:46 /TELEPLOC a x:48 Y:51 Map:3
5/6/2020 01:08:47 /TELEPLOC a x:51 Y:49 Map:3
5/6/2020 01:08:49 /TELEPLOC a x:36 Y:47 Map:3
5/6/2020 01:08:50 /TELEPLOC a x:27 Y:47 Map:3
5/6/2020 01:09:39 /TELEPLOC a x:41 Y:63 Map:3
5/6/2020 01:09:42 Transporto a Evva hacia Mapa3 X:86 Y:38
5/6/2020 01:09:49 Transporto a Evva hacia Mapa11 X:50 Y:50
5/6/2020 01:09:52 /TELEPLOC a x:57 Y:44 Map:11
5/6/2020 01:10:05 Transporto a Evva hacia Mapa215 X:0 Y:0
5/6/2020 01:10:29 /TELEPLOC a x:35 Y:12 Map:215
5/6/2020 01:10:30 /TELEPLOC a x:35 Y:12 Map:215
5/6/2020 01:10:33 /TELEPLOC a x:36 Y:12 Map:215
5/6/2020 01:10:44 Se conecto con ip:127.0.0.1
5/6/2020 01:17:34 Se conecto con ip:127.0.0.1
5/6/2020 01:17:42 Transporto a Evva hacia Mapa24 X:0 Y:0
5/6/2020 01:17:43 /TELEPLOC a x:48 Y:54 Map:24
5/6/2020 01:17:43 /TELEPLOC a x:46 Y:57 Map:24
5/6/2020 01:18:26 /TELEPLOC a x:52 Y:63 Map:24
5/6/2020 01:18:26 /TELEPLOC a x:53 Y:63 Map:24
5/6/2020 01:18:28 /TELEPLOC a x:52 Y:63 Map:24
5/6/2020 01:18:30 /TELEPLOC a x:52 Y:63 Map:24
5/6/2020 01:18:30 /TELEPLOC a x:53 Y:63 Map:24
5/6/2020 02:00:49 Se conecto con ip:127.0.0.1
