31/1/2017 2:55:39 p. m.     Server iniciado.
31/1/2017 2:56:41 p. m.     Server iniciado.
31/1/2017 2:59:50 p. m.     Server iniciado.
31/1/2017 3:01:32 p. m.     Server iniciado.
31/1/2017 7:21:53 p. m.     Server iniciado.
31/01/2017 07:35:58 p.m.    Server iniciado.
02/02/2017 01:08:43 a.m.    Server iniciado.
02/02/2017 01:28:37 a.m.    Server iniciado.
2/2/2017 2:25:17 a. m.      Server iniciado.
2/2/2017 2:26:41 a. m.      Server iniciado.
02/02/2017 02:50:28 a.m.    Server iniciado.
2/2/2017 3:04:58 a. m.      Server iniciado.
02/02/2017 03:27:36 a.m.    Server iniciado.
02/02/2017 03:36:01 a.m.    Server iniciado.
02/02/2017 03:43:25 a.m.    Server iniciado.
02/02/2017 04:08:35 a.m.    Server iniciado.
2/2/2017 5:55:00 a. m.      Server iniciado.
02/02/2017 04:09:50 p.m.    Server iniciado.
01/03/2017 01:57:16         Server iniciado.
01/03/2017 01:58:59         Server iniciado.
01/03/2017 18:46:49         Server iniciado.
1/3/2017 7:29:28 p. m.      Server iniciado.
1/3/2017 8:25:50 p. m.       Server cerrado
1/3/2017 9:19:03 p. m.      Server iniciado.
03/03/2017 01:05:29         Server iniciado.
03/03/2017 01:29:47         Server iniciado.
04/03/2017 02:12:54         Server iniciado.
4/3/2017 2:29:43 a. m.      Server iniciado.
4/3/2017 2:33:58 a. m.      Server iniciado.
4/3/2017 2:38:51 a. m.      Server iniciado.
4/3/2017 2:44:31 a. m.      Server iniciado.
04/03/2017 02:56:55         Server iniciado.
04/03/2017 03:57:51          Server apagado por Boom.
04/03/2017 04:07:22         Server iniciado.
04/03/2017 04:15:14         Server iniciado.
04/03/2017 05:05:43          Server apagado por Dylan.
04/03/2017 05:08:40         Server iniciado.
04/03/2017 05:23:19          Server apagado por Dylan.
4/3/2017 5:24:02 a. m.      Server iniciado.
4/3/2017 5:29:11 a. m.      Server iniciado.
4/3/2017 5:35:16 a. m.      Server iniciado.
4/3/2017 5:47:13 a. m.      Server iniciado.
4/3/2017 5:51:53 a. m.      Server iniciado.
4/3/2017 5:55:06 a. m.      Server iniciado.
5/3/2017 8:00:38 p. m.      Server iniciado.
06/03/2017 02:24:21         Server iniciado.
12/3/2017 07:51:48          Server iniciado.
12/3/2017 07:55:58           Server cerrado
9/5/2017 03:36:10           Server iniciado.
5/7/2017 22:44:22           Server iniciado.
29/07/2017 01:21:11 p.m.    Server iniciado.
29/07/2017 01:42:39 p.m.     Server cerrado
29/07/2017 07:10:04 p.m.    Server iniciado.
06/07/2018 20:22:26         Server iniciado.
07/07/2018 8:15:01           Server cerrado
08/07/2018 20:49:11         Server iniciado.
09/07/2018 0:05:18           Server cerrado
9/4/2020 13:01:43           Server iniciado.
9/4/2020 15:09:09           Server iniciado.
4/6/2020 14:30:30           Server iniciado.
4/6/2020 15:24:26           Server iniciado.
4/6/2020 17:00:06           Server iniciado.
4/6/2020 17:09:22           Server iniciado.
5/6/2020 01:06:16           Server iniciado.
5/6/2020 01:53:32           Server iniciado.
5/6/2020 01:54:22           Server iniciado.
5/6/2020 01:55:38           Server iniciado.
5/6/2020 01:59:56           Server iniciado.
5/6/2020 02:04:23           Server iniciado.
