Mapa 1: Althalos
3 Blanco

Mapa 6: Catacumbas
9 Goblin
28 Araña gigante

Mapa 8: Bosque
17 Esqueleto Guerrero
21 Lord Zombie
12 Serpiente
11 Murciélago
12 Gallo salvaje
18 Zombie

Mapa 9: Sala de Los Dioses
1 Guardia Imperial

Mapa 10: Bosque
12 Duende
29 Oso pardo
18 Goblin
22 Tortuga gigante
25 Serpiente

Mapa 11: Bosque perdido
19 Oso pardo
10 Duende
8 Ogro
9 Murciélago

Mapa 12: Cercania al Castillo del Emperador
14 Leviatán
3 Beholder
5 Tortuga gigante
1 Ogro

Mapa 13: Bosque
9 Cuervo
8 Águila

Mapa 15: Mar profundo
9 Leviatán

Mapa 18: Adelaide
13 Guardia del Caos

Mapa 20: Dungeon Oscuro
4 Ogro

Mapa 26: Bosque del Sur
19 Araña gigante
23 Zombie

Mapa 27: Cercanias de Hildegard
23 Esqueleto Guerrero
17 Gallo salvaje
8 Lobo
15 Goblin
7 Zombie

Mapa 28: Hildegard
16 Guardia Imperial
9 Guardia Imperial
2 Guardia Imperial

Mapa 29: Bosque
26 Serpiente

Mapa 30: Aguas del Este
6 Leviatán

Mapa 31: Aguas del Este
5 Leviatán

Mapa 33: Bosque del Sur
15 Serpiente
7 Lobo
20 Goblin

Mapa 34: Bosque del Sur
13 Araña gigante

Mapa 35: Dungeon Drake
4 Liche
7 Araña gigante

Mapa 36: Dungeon Drake
12 Dragon rojo
5 Lord Orco

Mapa 37: Norte de Althalos
8 Esqueleto
8 Lord Zombie

Mapa 38: Cercanias al polo Norte
18 Gallo salvaje
4 Lord Zombie
15 Serpiente

Mapa 39: Polo Norte
6 Beholder

Mapa 43: Lonelerd
6 Mago imperial
6 Guardia Imperial
2 Guardia Imperial

Mapa 48: Dungeon Makial
7 Bruja
7 Beholder

Mapa 51: Catacumba Minada
5 Araña gigante

Mapa 52: Cercanias al Castillo Norte
13 Araña gigante
11 Esqueleto Guerrero

Mapa 53: Entrada al Dungeon Helado
14 Pingüino

Mapa 54: Camino del Norte
11 Pingüino

Mapa 58: Lonelerd sur
2 Guardia Imperial
6 Guardia Imperial
3 Serpiente

Mapa 60: Dungeon Newbie
5 Lobo
4 Gallo salvaje
6 Serpiente
17 Lobo
18 Murciélago
5 Escorpion

Mapa 61: Castillo Oscuro
1 Rey del Castillo

Mapa 62: Castillo oscuro
16 Cazador Protector
8 Mago Protector

Mapa 63: Castillo Oscuro
14 Mago Protector
20 Cazador Protector

Mapa 64: Mar
10 Leviatán

Mapa 65: Entrada al Dungeon Egipcio
12 Leviatán

Mapa 68: Dungeon Egipcio
3 Mago Protector
5 Cazador Protector
2 Momia

Mapa 69: Tierras del Norte
6 Gallo salvaje
3 Oso pardo
5 Tortuga gigante
4 Lobo
1 Gallo salvaje

Mapa 71: Tierras del Norte
3 Lobo
11 Rata
4 Goblin
2 Goblin
6 Lobo
3 Oso pardo
5 Tortuga gigante

Mapa 72: Tierras del Norte
8 Goblin
8 Duende
9 Gallo salvaje

Mapa 73: Tierras del Norte
3 Lobo
1 Cuervo
4 Orco
7 Tortuga gigante
4 Murciélago

Mapa 74: Tierras del Norte
12 Goblin
5 Gallo salvaje
7 Duende

Mapa 75: Tierras del Norte
6 Tortuga gigante
4 Duende
4 Goblin
2 Lobo

Mapa 76: Entrada a Marabel
15 Orco

Mapa 78: Hildegard
10 Guardia Imperial

Mapa 83: Recursos Minerales
4 Rata

Mapa 98: Adelaide
8 Guardia del Caos
4 Guardia del Caos
4 Guardia del Caos
2 Guardia del Caos

Mapa 110: Isla Morgolock
8 Fuego fatuo
3 Gran Aguila
1 Tigre

Mapa 111: Nueva Esperanza Norte
35 Fuego fatuo
3 Jabalí Salvaje
4 Oso Pardo

Mapa 112: Nueva Esperanza Norte
29 Fuego fatuo
2 Jabalí
3 Tigre
3 Gran Aguila
5 Pato
1 Elemental de agua
1 Lord Zombie
1 Esqueleto
2 Esqueleto Guerrero

Mapa 113: Nueva Esperanza Sur
9 Lord Orco
16 Fuego fatuo
6 Orco brujo
4 Mago Protector
4 Liche
2 Leviatán
1 Galeón fantasmal

Mapa 114: Nueva Esperanza Sur
10 Escorpion
20 Lord Orco
5 Mago Protector
2 Escorpion
7 Liche
8 Orco brujo
5 Fuego fatuo
1 Águila

Mapa 115: Dungeon Marabel
7 Lord Zombie
3 Orco brujo
3 Araña gigante
1 Ogro
1 Beholder

Mapa 116: Dungeon Marabel
4 Lord Zombie
5 Orco brujo
3 Ogro
2 Beholder

Mapa 140: Dungeon Veriil
3 Bruja
4 Liche

Mapa 141: Dungeon Veriil
2 Orco brujo
1 Bruja

Mapa 142: Dungeon Veriil
3 Orco brujo

Mapa 145: Dungeon Veriil
1 Bruja

Mapa 146: Dungeon Veriil
1 Bruja

Mapa 147: Hilidian Oriental
2 Guardia del Caos
15 Guardia del Caos

Mapa 148: Paso del Hielo
8 Lobo Siberiano

Mapa 149: Hilidian Occidental
2 Sacerdote
13 Guardia Imperial
2 Mago
1 Druida
3 Sacerdote

Mapa 150: Entrada a las Cavernas
7 Lobo Siberiano

Mapa 151: Aeluin
2 Ogro Polar
10 Pingüino
4 Lobo Siberiano

Mapa 164: Alta Mar
3 Fantasma endemoniado

Mapa 165: Infierno
10 Guardia del Caos
5 Guardia del Caos
6 Guardia del Caos

Mapa 166: Dungeon Fenix Antiguo
8 Desterrado
3 Orco brujo
1 Acólito
1 Defensor del mal

Mapa 167: Dungeon Fenix Antiguo
5 Orco brujo

Mapa 168: Dungeon Fenix Antiguo
1 Bruja

Mapa 169: Dungeon Fenix Antiguo
6 Orco brujo

Mapa 174: Cavernas heladas
1 Pingüino

Mapa 175: Laberinto Oscuro
4 Beholder

Mapa 177: Castillo del Emperador Lhirius
1 Emperador Lhirius

Mapa 179: CUADRADO DE KADATH 1
9 Beholder
3 Ogro

Mapa 180: Tumba Legendaria
2 Fantasma endemoniado

Mapa 181: Templo Ancestral
1 Golem

Mapa 182: Templo Ancestral
2 Golem

Mapa 183: Templo Ancestral
2 Golem

Mapa 207: Guerra Faccionaria
5 Guardia Imperial
5 Guardia del Caos

Mapa 208: Guerra Faccionaria
1 Rey del Castillo

Mapa 209: Guerra Faccionaria
1 Emperador Lhirius

Mapa 212: Guerra Faccionaria
1 Rey del Castillo

Mapa 213: Entrada al Castillo Norte
12 Guardia del Caos

Mapa 214: Castillo Norte
1 Rey del Castillo
10 Guardia del Caos

Mapa 215: Entrada al Castillo Sur
12 Guardia Imperial

Mapa 216: Castillo Sur
1 Rey del Castillo
10 Guardia Imperial

Mapa 224: Este de Althalos
16 Esqueleto Guerrero
17 Lord Zombie
11 Serpiente
10 Murciélago
11 Gallo salvaje
17 Zombie
2 Blanco

Mapa 225: Sur de Althalos
28 Oso pardo
62 Murciélago

Mapa 226: Bosque
28 Oso pardo
62 Murciélago

Mapa 227: Bosque
50 Araña gigante

Mapa 228: Bosque
50 Araña gigante

Mapa 229: Reto de Parejas
2 Esqueleto
2 Guardia del Caos
2 Guardia del Caos
8 Guardia del Caos

